1652014111948:help
1652014122478:send
1652014148497:send 5
1652151020570:help
1652151038209:quit
1652151162939:help
1652151165403:exit
1652151204114:help
1652151218085:send
1652151221037:send 5
1652151223493:quit
1652154015737:help
1652154022765:broadcast
1652154032372:stacktrace
1652154239093:help
1652154642932:exit
1652154707691:help
1652154714303:test
1652154872270:help
1652154879780:send 2
1652154893903:subscribe tag1
1652154907222:broadcast tag1 hellotag
1652156796699:help
1652156800056:send
1652156801990:send 1
1652156810576:subscribe tag1
1652156819278:broadcast tag1 tt
1652156907220:subscribe t
1652156917087:broadcast t t
1652157107136:subscribe tag1
1652157117603:broadcast tag1 hello world!
1652157126063:broadcast tag1 hello_world!
1652157274609:subscribe tag1
1652157727191:broadcast tag1 hello
1652157757294:help
1652157766735:subscribe tag1
1652164988734:broadcast tag1 hello
1652165048702:send 2
1652165068743:broadcast tag1 helloll
1652165076418:broadcast tag1 hello222
1652165150679:subscribe tag1
1652165154188:broadcast tag1 hello
1652165172575:send 1
1652165177817:broadcast tag1 hello11
1652165187486:unsubscribe tag1
1652165190179:broadcast tag1 hello
1652165205226:subscribe tag1
1652165209014:broadcast tag1 hello2
1652165230547:broadcast tag1 hello3
1652165237007:broadcast tag1 hello4
1652166106948:subscribe tag1
1652166111216:subscribe tag2
1652166117062:subscribe tag1
1652166120106:subscribe tag2
1652166221222:broadcast tag1 hello
1652166229150:broadcast tag2 hello
1652166289825:broadcast tag1 hello1
1652166294833:broadcast tag2 hello2
1652166305769:unsubcribe tag1
1652166317027:help
1652166322994:unsubscribe tag1
1652166329466:unsubscribe tag2
1652166335028:broadcast tag1 hello1
1652166343078:broadcast tag2 hello2
1652688808910:broadcast tag1 hello
1652688819733:broadcast tag1 hello
1652688956658:subscribe tag1
1652688986339:broadcast tag1 hello2
1652689100958:broadcast tag2 hello3
1652689173212:unsubscribe tag1
1652689195556:broadcast tag2 hello4
1652689320741:subscribe tag1
1652689334281:broadcast tag1 test
